

> corewar@0.2.1 lint /Users/dougmcdonald/dev/corewar.io/packages/corewar
> eslint src/**/*.ts

[0m[0m
[0m[4m/Users/dougmcdonald/dev/corewar.io/packages/corewar/src/matches/BenchmarkRunner.ts[24m[0m
[0m  [2m10:30[22m  [31merror[39m  Parsing error: Unexpected token implements[0m
[0m[0m
[0m[4m/Users/dougmcdonald/dev/corewar.io/packages/corewar/src/matches/HillResultMapper.ts[24m[0m
[0m  [2m7:31[22m  [31merror[39m  Parsing error: Unexpected token implements[0m
[0m[0m
[0m[4m/Users/dougmcdonald/dev/corewar.io/packages/corewar/src/matches/HillRunner.ts[24m[0m
[0m  [2m10:25[22m  [31merror[39m  Parsing error: Unexpected token implements[0m
[0m[0m
[0m[4m/Users/dougmcdonald/dev/corewar.io/packages/corewar/src/matches/MatchResultMapper.ts[24m[0m
[0m  [2m7:32[22m  [31merror[39m  Parsing error: Unexpected token implements[0m
[0m[0m
[0m[4m/Users/dougmcdonald/dev/corewar.io/packages/corewar/src/matches/MatchRunner.ts[24m[0m
[0m  [2m10:26[22m  [31merror[39m  Parsing error: Unexpected token implements[0m
[0m[0m
[0m[4m/Users/dougmcdonald/dev/corewar.io/packages/corewar/src/parser/AddressModPass.ts[24m[0m
[0m  [2m8:12[22m  [31merror[39m  Parsing error: Unexpected token processLine[0m
[0m[0m
[0m[4m/Users/dougmcdonald/dev/corewar.io/packages/corewar/src/parser/Context.ts[24m[0m
[0m  [2m7:22[22m  [31merror[39m  Parsing error: Unexpected token implements[0m
[0m[0m
[0m[4m/Users/dougmcdonald/dev/corewar.io/packages/corewar/src/parser/DefaultPass.ts[24m[0m
[0m  [2m7:12[22m  [31merror[39m  Parsing error: Unexpected token processLine[0m
[0m[0m
[0m[4m/Users/dougmcdonald/dev/corewar.io/packages/corewar/src/parser/Expression.ts[24m[0m
[0m  [2m5:25[22m  [31merror[39m  Parsing error: Unexpected token implements[0m
[0m[0m
[0m[4m/Users/dougmcdonald/dev/corewar.io/packages/corewar/src/parser/Filter.ts[24m[0m
[0m  [2m11:12[22m  [31merror[39m  Parsing error: Unexpected token processLine[0m
[0m[0m
[0m[4m/Users/dougmcdonald/dev/corewar.io/packages/corewar/src/parser/ForPass.ts[24m[0m
[0m  [2m7:13[22m  [31merror[39m  Parsing error: Unexpected token expression[0m
[0m[0m
[0m[4m/Users/dougmcdonald/dev/corewar.io/packages/corewar/src/parser/IllegalCommandCheck.ts[24m[0m
[0m  [2m6:12[22m  [31merror[39m  Parsing error: Unexpected token processLine[0m
[0m[0m
[0m[4m/Users/dougmcdonald/dev/corewar.io/packages/corewar/src/parser/JsonSerialiser.ts[24m[0m
[0m  [2m4:29[22m  [31merror[39m  Parsing error: Unexpected token implements[0m
[0m[0m
[0m[4m/Users/dougmcdonald/dev/corewar.io/packages/corewar/src/parser/LabelCollector.ts[24m[0m
[0m  [2m8:13[22m  [31merror[39m  Parsing error: Unexpected token line[0m
[0m[0m
[0m[4m/Users/dougmcdonald/dev/corewar.io/packages/corewar/src/parser/LabelEmitter.ts[24m[0m
[0m  [2m8:13[22m  [31merror[39m  Parsing error: Unexpected token line[0m
[0m[0m
[0m[4m/Users/dougmcdonald/dev/corewar.io/packages/corewar/src/parser/LoadFileSerialiser.ts[24m[0m
[0m  [2m4:33[22m  [31merror[39m  Parsing error: Unexpected token implements[0m
[0m[0m
[0m[4m/Users/dougmcdonald/dev/corewar.io/packages/corewar/src/parser/LoadParser.ts[24m[0m
[0m  [2m11:25[22m  [31merror[39m  Parsing error: Unexpected token implements[0m
[0m[0m
[0m[4m/Users/dougmcdonald/dev/corewar.io/packages/corewar/src/parser/MathsProcessor.ts[24m[0m
[0m  [2m6:13[22m  [31merror[39m  Parsing error: Unexpected token expression[0m
[0m[0m
[0m[4m/Users/dougmcdonald/dev/corewar.io/packages/corewar/src/parser/MetaDataCollector.ts[24m[0m
[0m  [2m9:32[22m  [31merror[39m  Parsing error: Unexpected token implements[0m
[0m[0m
[0m[4m/Users/dougmcdonald/dev/corewar.io/packages/corewar/src/parser/MetaDataEmitter.ts[24m[0m
[0m  [2m6:30[22m  [31merror[39m  Parsing error: Unexpected token implements[0m
[0m[0m
[0m[4m/Users/dougmcdonald/dev/corewar.io/packages/corewar/src/parser/OrgPass.ts[24m[0m
[0m  [2m7:13[22m  [31merror[39m  Parsing error: Unexpected token firstInstruction[0m
[0m[0m
[0m[4m/Users/dougmcdonald/dev/corewar.io/packages/corewar/src/parser/Parser.ts[24m[0m
[0m  [2m9:21[22m  [31merror[39m  Parsing error: Unexpected token implements[0m
[0m[0m
[0m[4m/Users/dougmcdonald/dev/corewar.io/packages/corewar/src/parser/PassBase.ts[24m[0m
[0m  [2m8:23[22m  [31merror[39m  Parsing error: Unexpected token implements[0m
[0m[0m
[0m[4m/Users/dougmcdonald/dev/corewar.io/packages/corewar/src/parser/PreprocessAnalyser.ts[24m[0m
[0m  [2m7:33[22m  [31merror[39m  Parsing error: Unexpected token implements[0m
[0m[0m
[0m[4m/Users/dougmcdonald/dev/corewar.io/packages/corewar/src/parser/PreprocessCollector.ts[24m[0m
[0m  [2m8:13[22m  [31merror[39m  Parsing error: Unexpected token previous[0m
[0m[0m
[0m[4m/Users/dougmcdonald/dev/corewar.io/packages/corewar/src/parser/PreprocessEmitter.ts[24m[0m
[0m  [2m9:12[22m  [31merror[39m  Parsing error: Unexpected token processLine[0m
[0m[0m
[0m[4m/Users/dougmcdonald/dev/corewar.io/packages/corewar/src/parser/Scanner.ts[24m[0m
[0m  [2m8:1[22m  [31merror[39m  Parsing error: The keyword 'interface' is reserved[0m
[0m[0m
[0m[4m/Users/dougmcdonald/dev/corewar.io/packages/corewar/src/parser/SyntaxCheck.ts[24m[0m
[0m  [2m5:12[22m  [31merror[39m  Parsing error: Unexpected token processLine[0m
[0m[0m
[0m[4m/Users/dougmcdonald/dev/corewar.io/packages/corewar/src/parser/TokenHelper.ts[24m[0m
[0m  [2m4:12[22m  [31merror[39m  Parsing error: Unexpected token static[0m
[0m[0m
[0m[4m/Users/dougmcdonald/dev/corewar.io/packages/corewar/src/parser/TokenStream.ts[24m[0m
[0m  [2m6:26[22m  [31merror[39m  Parsing error: Unexpected token implements[0m
[0m[0m
[0m[4m/Users/dougmcdonald/dev/corewar.io/packages/corewar/src/simulator/Core.ts[24m[0m
[0m  [2m10:19[22m  [31merror[39m  Parsing error: Unexpected token implements[0m
[0m[0m
[0m[4m/Users/dougmcdonald/dev/corewar.io/packages/corewar/src/simulator/Decoder.ts[24m[0m
[0m  [2m10:22[22m  [31merror[39m  Parsing error: Unexpected token implements[0m
[0m[0m
[0m[4m/Users/dougmcdonald/dev/corewar.io/packages/corewar/src/simulator/Defaults.ts[24m[0m
[0m  [2m5:16[22m  [31merror[39m  Parsing error: Unexpected token implements[0m
[0m[0m
[0m[4m/Users/dougmcdonald/dev/corewar.io/packages/corewar/src/simulator/EndCondition.ts[24m[0m
[0m  [2m8:27[22m  [31merror[39m  Parsing error: Unexpected token implements[0m
[0m[0m
[0m[4m/Users/dougmcdonald/dev/corewar.io/packages/corewar/src/simulator/Executive.ts[24m[0m
[0m  [2m9:24[22m  [31merror[39m  Parsing error: Unexpected token implements[0m
[0m[0m
[0m[4m/Users/dougmcdonald/dev/corewar.io/packages/corewar/src/simulator/Fetcher.ts[24m[0m
[0m  [2m9:1[22m  [31merror[39m  Parsing error: The keyword 'interface' is reserved[0m
[0m[0m
[0m[4m/Users/dougmcdonald/dev/corewar.io/packages/corewar/src/simulator/LatestOnlyStrategy.ts[24m[0m
[0m  [2m4:33[22m  [31merror[39m  Parsing error: Unexpected token implements[0m
[0m[0m
[0m[4m/Users/dougmcdonald/dev/corewar.io/packages/corewar/src/simulator/Loader.ts[24m[0m
[0m  [2m9:21[22m  [31merror[39m  Parsing error: Unexpected token implements[0m
[0m[0m
[0m[4m/Users/dougmcdonald/dev/corewar.io/packages/corewar/src/simulator/OptionValidator.ts[24m[0m
[0m  [2m6:30[22m  [31merror[39m  Parsing error: Unexpected token implements[0m
[0m[0m
[0m[4m/Users/dougmcdonald/dev/corewar.io/packages/corewar/src/simulator/PerKeyStrategy.ts[24m[0m
[0m  [2m5:29[22m  [31merror[39m  Parsing error: Unexpected token implements[0m
[0m[0m
[0m[4m/Users/dougmcdonald/dev/corewar.io/packages/corewar/src/simulator/Publisher.ts[24m[0m
[0m  [2m6:24[22m  [31merror[39m  Parsing error: Unexpected token implements[0m
[0m[0m
[0m[4m/Users/dougmcdonald/dev/corewar.io/packages/corewar/src/simulator/Random.ts[24m[0m
[0m  [2m3:21[22m  [31merror[39m  Parsing error: Unexpected token implements[0m
[0m[0m
[0m[4m/Users/dougmcdonald/dev/corewar.io/packages/corewar/src/simulator/Simulator.ts[24m[0m
[0m  [2m19:24[22m  [31merror[39m  Parsing error: Unexpected token implements[0m
[0m[0m
[0m[4m/Users/dougmcdonald/dev/corewar.io/packages/corewar/src/simulator/WarriorInstance.ts[24m[0m
[0m  [2m5:30[22m  [31merror[39m  Parsing error: Unexpected token implements[0m
[0m[0m
[0m[4m/Users/dougmcdonald/dev/corewar.io/packages/corewar/src/simulator/WarriorLoader.ts[24m[0m
[0m  [2m18:28[22m  [31merror[39m  Parsing error: Unexpected token implements[0m
[0m[0m
[0m[31m[1m✖ 45 problems (45 errors, 0 warnings)[22m[39m[0m
[0m[31m[1m[22m[39m[0m
[41m[30m ELIFECYCLE [39m[49m [31mCommand failed with exit code 1.[39m
