

> corewar-api@0.2.1 lint /Users/dougmcdonald/dev/corewar.io/packages/corewar-api
> eslint src/**/*.ts

[0m[0m
[0m[4m/Users/dougmcdonald/dev/corewar.io/packages/corewar-api/src/database/Repository.ts[24m[0m
[0m  [2m5:8[22m  [31merror[39m  Parsing error: Unexpected token interface[0m
[0m[0m
[0m[4m/Users/dougmcdonald/dev/corewar.io/packages/corewar-api/src/resolvers/HillResolver.ts[24m[0m
[0m  [2m11:1[22m  [31merror[39m  Parsing error: Unexpected character '@'[0m
[0m[0m
[0m[4m/Users/dougmcdonald/dev/corewar.io/packages/corewar-api/src/resolvers/MutationResult.ts[24m[0m
[0m  [2m3:1[22m  [31merror[39m  Parsing error: Unexpected character '@'[0m
[0m[0m
[0m[4m/Users/dougmcdonald/dev/corewar.io/packages/corewar-api/src/resolvers/ParseResolver.ts[24m[0m
[0m  [2m5:1[22m  [31merror[39m  Parsing error: Unexpected character '@'[0m
[0m[0m
[0m[4m/Users/dougmcdonald/dev/corewar.io/packages/corewar-api/src/resolvers/WarriorResolver.ts[24m[0m
[0m  [2m6:1[22m  [31merror[39m  Parsing error: Unexpected character '@'[0m
[0m[0m
[0m[4m/Users/dougmcdonald/dev/corewar.io/packages/corewar-api/src/schema/DataScalar.ts[24m[0m
[0m  [2m7:21[22m  [31merror[39m  Parsing error: Unexpected token :[0m
[0m[0m
[0m[4m/Users/dougmcdonald/dev/corewar.io/packages/corewar-api/src/schema/Hill.ts[24m[0m
[0m  [2m6:1[22m  [31merror[39m  Parsing error: Unexpected character '@'[0m
[0m[0m
[0m[4m/Users/dougmcdonald/dev/corewar.io/packages/corewar-api/src/schema/HillRules.ts[24m[0m
[0m  [2m5:8[22m  [31merror[39m  Parsing error: Unexpected token interface[0m
[0m[0m
[0m[4m/Users/dougmcdonald/dev/corewar.io/packages/corewar-api/src/schema/HillWarrior.ts[24m[0m
[0m  [2m4:1[22m  [31merror[39m  Parsing error: Unexpected character '@'[0m
[0m[0m
[0m[4m/Users/dougmcdonald/dev/corewar.io/packages/corewar-api/src/schema/HillWarriorResult.ts[24m[0m
[0m  [2m6:1[22m  [31merror[39m  Parsing error: Unexpected character '@'[0m
[0m[0m
[0m[4m/Users/dougmcdonald/dev/corewar.io/packages/corewar-api/src/schema/IId.ts[24m[0m
[0m  [2m1:16[22m  [31merror[39m  Parsing error: The keyword 'interface' is reserved[0m
[0m[0m
[0m[4m/Users/dougmcdonald/dev/corewar.io/packages/corewar-api/src/schema/Instruction.ts[24m[0m
[0m  [2m5:1[22m  [31merror[39m  Parsing error: Unexpected character '@'[0m
[0m[0m
[0m[4m/Users/dougmcdonald/dev/corewar.io/packages/corewar-api/src/schema/MatchResult.ts[24m[0m
[0m  [2m5:1[22m  [31merror[39m  Parsing error: Unexpected character '@'[0m
[0m[0m
[0m[4m/Users/dougmcdonald/dev/corewar.io/packages/corewar-api/src/schema/MatchWarriorResult.ts[24m[0m
[0m  [2m5:1[22m  [31merror[39m  Parsing error: Unexpected character '@'[0m
[0m[0m
[0m[4m/Users/dougmcdonald/dev/corewar.io/packages/corewar-api/src/schema/Message.ts[24m[0m
[0m  [2m5:1[22m  [31merror[39m  Parsing error: Unexpected character '@'[0m
[0m[0m
[0m[4m/Users/dougmcdonald/dev/corewar.io/packages/corewar-api/src/schema/MetaData.ts[24m[0m
[0m  [2m4:1[22m  [31merror[39m  Parsing error: Unexpected character '@'[0m
[0m[0m
[0m[4m/Users/dougmcdonald/dev/corewar.io/packages/corewar-api/src/schema/Operand.ts[24m[0m
[0m  [2m4:1[22m  [31merror[39m  Parsing error: Unexpected character '@'[0m
[0m[0m
[0m[4m/Users/dougmcdonald/dev/corewar.io/packages/corewar-api/src/schema/Options.ts[24m[0m
[0m  [2m5:1[22m  [31merror[39m  Parsing error: Unexpected character '@'[0m
[0m[0m
[0m[4m/Users/dougmcdonald/dev/corewar.io/packages/corewar-api/src/schema/ParseResult.ts[24m[0m
[0m  [2m8:1[22m  [31merror[39m  Parsing error: Unexpected character '@'[0m
[0m[0m
[0m[4m/Users/dougmcdonald/dev/corewar.io/packages/corewar-api/src/schema/Position.ts[24m[0m
[0m  [2m4:1[22m  [31merror[39m  Parsing error: Unexpected character '@'[0m
[0m[0m
[0m[4m/Users/dougmcdonald/dev/corewar.io/packages/corewar-api/src/schema/Token.ts[24m[0m
[0m  [2m5:1[22m  [31merror[39m  Parsing error: Unexpected character '@'[0m
[0m[0m
[0m[4m/Users/dougmcdonald/dev/corewar.io/packages/corewar-api/src/schema/Warrior.ts[24m[0m
[0m  [2m5:1[22m  [31merror[39m  Parsing error: Unexpected character '@'[0m
[0m[0m
[0m[4m/Users/dougmcdonald/dev/corewar.io/packages/corewar-api/src/services/HillService.ts[24m[0m
[0m  [2m9:8[22m  [31merror[39m  Parsing error: Unexpected token interface[0m
[0m[0m
[0m[4m/Users/dougmcdonald/dev/corewar.io/packages/corewar-api/src/services/UuidFactory.ts[24m[0m
[0m  [2m3:8[22m  [31merror[39m  Parsing error: Unexpected token interface[0m
[0m[0m
[0m[4m/Users/dougmcdonald/dev/corewar.io/packages/corewar-api/src/services/WarriorService.ts[24m[0m
[0m  [2m7:8[22m  [31merror[39m  Parsing error: Unexpected token interface[0m
[0m[0m
[0m[31m[1m✖ 25 problems (25 errors, 0 warnings)[22m[39m[0m
[0m[31m[1m[22m[39m[0m
[41m[30m ELIFECYCLE [39m[49m [31mCommand failed with exit code 1.[39m
